[2024-03-05 17:14:22.020] DEBUGGING - Polished "Old & Confused" from "None" for this: "A perplexing band would be Crosby, Stills, Nash, Young & ________"
[2024-03-05 17:14:22.022] DEBUGGING - Trimmed "Fart" from "The Fartmobile" by removing overlap with this prompt: "A rejected superhero vehicle: the ________mobile"
[2024-03-05 17:14:22.023] DEBUGGING - Polished "Fart" from "The Fartmobile" for this: "A rejected superhero vehicle: the ________mobile"
[2024-03-05 17:14:22.025] DEBUGGING - Trimmed "clowns running the show." from "Notice clowns running the show." by removing overlap with this prompt: "You know your company is going out of business when you show up to work and notice ________"
[2024-03-05 17:14:22.026] DEBUGGING - Polished "clowns running the show." from "Notice clowns running the show." for this: "You know your company is going out of business when you show up to work and notice ________"
[2024-03-05 17:14:22.028] DEBUGGING - Trimmed "Fart" from "the FartMobile" by removing overlap with this prompt: "A rejected superhero vehicle: the ________mobile"
[2024-03-05 17:14:22.029] DEBUGGING - Polished "Fart" from "the FartMobile" for this: "A rejected superhero vehicle: the ________mobile"
[2024-03-05 17:14:22.031] DEBUGGING - Trimmed "clowns running the show." from "Notice clowns running the show." by removing overlap with this prompt: "You know your company is going out of business when you show up to work and notice ________"
[2024-03-05 17:14:22.032] DEBUGGING - Polished "clowns running the show." from "Notice clowns running the show." for this: "You know your company is going out of business when you show up to work and notice ________"
[2024-03-05 17:14:22.034] DEBUGGING - Polished "blank certainly is" from "None" for this: "This blank ____ is way too short"
[2024-03-05 17:14:22.035] DEBUGGING - Polished "blank certainly is" from "None" for this: "This blank _______ is barely too short"
[2024-03-05 17:14:22.037] DEBUGGING - Trimmed "certainly" from "blank certainly_ is" by removing overlap with this prompt: "This blank _________ is barely too long"
[2024-03-05 17:14:22.038] DEBUGGING - Polished "certainly" from "blank certainly_ is" for this: "This blank _________ is barely too long"
[2024-03-05 17:14:22.040] DEBUGGING - Trimmed "certainly" from "blank certainly_______ is" by removing overlap with this prompt: "This blank _______________ is much too long"
[2024-03-05 17:14:22.041] DEBUGGING - Polished "certainly" from "blank certainly_______ is" for this: "This blank _______________ is much too long"
[2024-03-05 17:14:22.043] DEBUGGING - Polished "like bad data types or ill-formed values as i" from "None" for this: "This function does not like ________ or ________ as input"
[2024-03-05 17:14:22.044] DEBUGGING - Polished "blank certainly_______ is" from "None" for this: "This blank ________________ is much too long"
[2024-03-05 17:14:22.046] DEBUGGING - Trimmed "Feline Friend Fatale."" from "Feline Friend Fatale." is a great name" by removing overlap with this prompt: "I think ________ is a great name for a superhero who can communicate with cats"
[2024-03-05 17:14:22.048] DEBUGGING - Polished "Feline Fri" from ""Feline Friend Fatale." is a great name" for this: "I think ________ is a great name for a superhero who can communicate with cats"
[2024-03-05 17:14:22.050] DEBUGGING - Trimmed "testing" from " testing" by removing overlap with this prompt: "Some say that ________ is unecessary"
[2024-03-05 17:14:22.051] DEBUGGING - Trimmed "testing" from "testing " by removing overlap with this prompt: "Some say that ________ is unecessary"
[2024-03-05 17:14:22.053] DEBUGGING - Trimmed "testing" from " testing " by removing overlap with this prompt: "Some say that ________ is unecessary"
[2024-03-05 17:14:22.055] DEBUGGING - Trimmed "testing" from "t testing" by removing overlap with this prompt: "Some say that ________ is unecessary"
[2024-03-05 17:14:22.057] DEBUGGING - Trimmed "testing" from "testing i" by removing overlap with this prompt: "Some say that ________ is unecessary"
[2024-03-05 17:14:22.059] DEBUGGING - Trimmed "testing" from "t testing i" by removing overlap with this prompt: "Some say that ________ is unecessary"
[2024-03-05 17:14:22.061] DEBUGGING - Trimmed "testing" from "Some say that testing" by removing overlap with this prompt: "Some say that ________ is unecessary"
[2024-03-05 17:14:22.063] DEBUGGING - Trimmed "testing" from "testing is unecessary" by removing overlap with this prompt: "Some say that ________ is unecessary"
[2024-03-05 17:14:22.065] DEBUGGING - Trimmed "testing" from "Some say that testing is unecessary" by removing overlap with this prompt: "Some say that ________ is unecessary"
[2024-03-05 17:14:22.069] DEBUGGING - Trimmed "I agree," from " I agree, is" by removing overlap with this prompt: "This ________ is an example of a Jackbox fill-in-the-blank"
[2024-03-05 17:14:22.071] DEBUGGING - Trimmed "funeral home." from "a funeral home." by removing overlap with this prompt: "Never take a first date to a ________"
[2024-03-05 17:14:22.073] DEBUGGING - Trimmed "Pizza" from "Law and Order: Special Pizza Unit" by removing overlap with this prompt: "The next TV spin-off: Law and Order: Special ________ Unit"
[2024-03-05 17:14:22.075] DEBUGGING - Trimmed "Lasagna-themed selfies" from "of Lasagna-themed selfies." by removing overlap with this prompt: "Surprising photos to find on Garfield’s phone would be of ________."
[2024-03-05 17:14:22.077] DEBUGGING - Trimmed "your neighbor's fridge" from "your neighbor's fridge!" by removing overlap with this prompt: "What you’ve been searching for wasn’t inside you this whole time. It was in ________!"
[2024-03-05 17:14:22.079] DEBUGGING - Trimmed "add unicorn tears!" from "simply add unicorn tears!" by removing overlap with this prompt: "Your secret recipe for apple sauce is to simply ________"
[2024-03-05 17:14:22.082] DEBUGGING - Trimmed "Farts" from "America’s Got Farts" by removing overlap with this prompt: "The next big reality show: America’s Got ________"
[2024-03-05 17:14:22.084] DEBUGGING - Trimmed "Roach Motel" from "The Roach Motel" by removing overlap with this prompt: "A terrible name for a hotel: The ________ Inn"
[2024-03-05 17:14:22.086] DEBUGGING - Trimmed "boogers" from "his children’s boogers" by removing overlap with this prompt: "A weird dad keeps all of his children’s ________ as memories"
[2024-03-05 17:14:22.089] DEBUGGING - Trimmed "Dollar Tree Mortuary" from "Dollar Tree Mortuary is a terrible name" by removing overlap with this prompt: "________ is a terrible name for a hospital"
[2024-03-05 17:14:22.091] DEBUGGING - Trimmed "snake" from "a free snake" by removing overlap with this prompt: "Every airline flight should come with a free ________"
[2024-03-05 17:14:22.093] DEBUGGING - Trimmed "Fart" from "The Fartmobile" by removing overlap with this prompt: "A rejected superhero vehicle: the ________mobile"
[2024-03-05 17:14:22.096] DEBUGGING - Trimmed "clowns running the show." from "Notice clowns running the show." by removing overlap with this prompt: "You know your company is going out of business when you show up to work and notice ________"
[2024-03-05 17:14:22.098] DEBUGGING - Trimmed "Fart" from "the FartMobile" by removing overlap with this prompt: "A rejected superhero vehicle: the ________mobile"
[2024-03-05 17:14:22.100] DEBUGGING - Trimmed "clowns running the show." from "Notice clowns running the show." by removing overlap with this prompt: "You know your company is going out of business when you show up to work and notice ________"
[2024-03-05 17:14:22.103] DEBUGGING - Trimmed "certainly" from "blank certainly_ is" by removing overlap with this prompt: "This blank _________ is barely too long"
[2024-03-05 17:14:22.105] DEBUGGING - Trimmed "certainly" from "blank certainly_______ is" by removing overlap with this prompt: "This blank _______________ is much too long"
[2024-03-05 17:15:31.961] DEBUGGING - _get_element() id:question-text raised NoSuchElementException()!
[2024-03-05 17:15:49.226] DEBUGGING - _get_element() id:state-answer-question raised NoSuchElementException()!
